[www.antistud.io/index.html]
[backblue.gif]
[fade.gif]
[index.html]
[assets.website-files.com/5f9afa5060661f74a53220d4/css/antistudio.aa5265af7.css]
[use.typekit.net/bsi1vrw.js]
[assets.website-files.com/5f9afa5060661f74a53220d4/5fc7c84763775d15195e4091_favicon_anti.png]
[assets.website-files.com/img/webclip.png]
[cdnjs.cloudflare.com/ajax/libs/Morphext/2.4.4/morphext.css]
[cdnjs.cloudflare.com/ajax/libs/animate.css/3.7.2/animate.min.css]
[cdnjs.cloudflare.com/ajax/libs/jquery/3.5.0/jquery.min.js]
[cdnjs.cloudflare.com/ajax/libs/Morphext/2.4.4/morphext.min.js]
[assets.website-files.com/5f9afa5060661f74a53220d4/5fc8167b7c235ef2c1e8cf85_image (5).png]
[assets.website-files.com/5f9afa5060661f74a53220d4/5f9bf2fa060f8a269a98837c_camera 1.png]
[assets.website-files.com/5f9afa5060661f74a53220d4/5f9bf374fe873e07c9337866_mic2 1.png]
[assets.website-files.com/5f9afa5060661f74a53220d4/5f9bf3746f56ea16ffad59ce_Untitled-1 2.png]
[assets.website-files.com/5f9afa5060661f74a53220d4/5f9bf3743680657849535bfb_router 1.png]
[assets.website-files.com/5f9afa5060661f74a53220d4/5f9bf374fb5f6b7f850612e7_insulation3 1.png]
[assets.website-files.com/5f9afa5060661f74a53220d4/5fc7c6931ce26564de0dce3f_booth.jpg]
[assets.website-files.com/5f9afa5060661f74a53220d4/5fc7e22c8ef264a52d99706b_image (14).png]
[assets.website-files.com/5f9afa5060661f74a53220d4/5f9c0716d4e3738f5f99956f_Group 133.jpg]
[assets.website-files.com/5f9afa5060661f74a53220d4/5f9c0717155761ac1a2afbda_Group 134.jpg]
[assets.website-files.com/5f9afa5060661f74a53220d4/5f9c0c214080cc2217b24c3f_Anticafé_Lyon-2-e1571994136919-750x470 1.jpg]
[assets.website-files.com/5f9afa5060661f74a53220d4/5fc908f0b38ea4d55429fe0f_Logo_Antistudio_espacement2.png]
[assets.website-files.com/5f9afa5060661f74a53220d4/5fd0a53e03dc3a30563101af_CM_logo.png]
[www.antistud.io/index.html]
[assets.website-files.com/5f9afa5060661f74a53220d4/js/antistudio.1349f56d7.js]
[assets.website-files.com/5f9afa5060661f74a53220d4/css/antistudio.aa5265af7.css]
[cdnjs.cloudflare.com/ajax/libs/Morphext/2.4.4/morphext.css]
[cdnjs.cloudflare.com/ajax/libs/animate.css/3.7.2/animate.min.css]
[d3e54v103j8qbb.cloudfront.net/js/jquery-3.5.1.min.dc5e7f18c8ad44.js]
[www.antistud.io/fr.html]
